2026-03-11 18:55:24 - INFO - starting pipeline
2026-03-11 18:55:24 - INFO - inputs processed
2026-03-11 18:56:57 - INFO - forward pass complete for S1_trivial_1_h1
2026-03-11 18:58:30 - INFO - backward pass complete for S1_trivial_1_h1
2026-03-11 18:58:42 - INFO - global ancestry calculated for S1_trivial_1_h1
2026-03-11 18:58:43 - INFO - viterbi processed marker 100 for S1_trivial_1_h1
2026-03-11 18:58:45 - INFO - viterbi processed marker 200 for S1_trivial_1_h1
2026-03-11 18:58:46 - INFO - viterbi processed marker 300 for S1_trivial_1_h1
2026-03-11 18:58:48 - INFO - viterbi processed marker 400 for S1_trivial_1_h1
2026-03-11 18:58:50 - INFO - viterbi processed marker 500 for S1_trivial_1_h1
2026-03-11 18:58:51 - INFO - viterbi processed marker 600 for S1_trivial_1_h1
2026-03-11 18:58:53 - INFO - viterbi processed marker 700 for S1_trivial_1_h1
2026-03-11 18:58:54 - INFO - viterbi processed marker 800 for S1_trivial_1_h1
2026-03-11 18:58:56 - INFO - viterbi processed marker 900 for S1_trivial_1_h1
2026-03-11 18:58:57 - INFO - viterbi processed marker 1000 for S1_trivial_1_h1
2026-03-11 18:58:59 - INFO - viterbi processed marker 1100 for S1_trivial_1_h1
2026-03-11 18:59:01 - INFO - viterbi processed marker 1200 for S1_trivial_1_h1
2026-03-11 18:59:02 - INFO - viterbi processed marker 1300 for S1_trivial_1_h1
2026-03-11 18:59:04 - INFO - viterbi processed marker 1400 for S1_trivial_1_h1
2026-03-11 18:59:05 - INFO - viterbi processed marker 1500 for S1_trivial_1_h1
2026-03-11 18:59:07 - INFO - viterbi processed marker 1600 for S1_trivial_1_h1
2026-03-11 18:59:08 - INFO - viterbi processed marker 1700 for S1_trivial_1_h1
2026-03-11 18:59:10 - INFO - viterbi processed marker 1800 for S1_trivial_1_h1
2026-03-11 18:59:12 - INFO - viterbi processed marker 1900 for S1_trivial_1_h1
2026-03-11 18:59:13 - INFO - viterbi processed marker 2000 for S1_trivial_1_h1
2026-03-11 18:59:15 - INFO - viterbi processed marker 2100 for S1_trivial_1_h1
2026-03-11 18:59:16 - INFO - viterbi processed marker 2200 for S1_trivial_1_h1
2026-03-11 18:59:18 - INFO - viterbi processed marker 2300 for S1_trivial_1_h1
2026-03-11 18:59:19 - INFO - viterbi processed marker 2400 for S1_trivial_1_h1
2026-03-11 18:59:21 - INFO - viterbi processed marker 2500 for S1_trivial_1_h1
2026-03-11 18:59:23 - INFO - viterbi processed marker 2600 for S1_trivial_1_h1
2026-03-11 18:59:24 - INFO - viterbi processed marker 2700 for S1_trivial_1_h1
2026-03-11 18:59:26 - INFO - viterbi processed marker 2800 for S1_trivial_1_h1
2026-03-11 18:59:27 - INFO - viterbi processed marker 2900 for S1_trivial_1_h1
2026-03-11 18:59:29 - INFO - viterbi processed marker 3000 for S1_trivial_1_h1
2026-03-11 18:59:30 - INFO - viterbi processed marker 3100 for S1_trivial_1_h1
2026-03-11 18:59:32 - INFO - viterbi processed marker 3200 for S1_trivial_1_h1
2026-03-11 18:59:33 - INFO - viterbi processed marker 3300 for S1_trivial_1_h1
2026-03-11 18:59:35 - INFO - viterbi processed marker 3400 for S1_trivial_1_h1
2026-03-11 18:59:37 - INFO - viterbi processed marker 3500 for S1_trivial_1_h1
2026-03-11 18:59:38 - INFO - viterbi processed marker 3600 for S1_trivial_1_h1
2026-03-11 18:59:40 - INFO - viterbi processed marker 3700 for S1_trivial_1_h1
2026-03-11 18:59:41 - INFO - viterbi processed marker 3800 for S1_trivial_1_h1
2026-03-11 18:59:43 - INFO - viterbi processed marker 3900 for S1_trivial_1_h1
2026-03-11 18:59:44 - INFO - viterbi processed marker 4000 for S1_trivial_1_h1
2026-03-11 18:59:46 - INFO - viterbi processed marker 4100 for S1_trivial_1_h1
2026-03-11 18:59:48 - INFO - viterbi processed marker 4200 for S1_trivial_1_h1
2026-03-11 18:59:49 - INFO - viterbi processed marker 4300 for S1_trivial_1_h1
2026-03-11 18:59:51 - INFO - viterbi processed marker 4400 for S1_trivial_1_h1
2026-03-11 18:59:52 - INFO - viterbi processed marker 4500 for S1_trivial_1_h1
2026-03-11 18:59:54 - INFO - viterbi processed marker 4600 for S1_trivial_1_h1
2026-03-11 18:59:55 - INFO - viterbi processed marker 4700 for S1_trivial_1_h1
2026-03-11 18:59:57 - INFO - viterbi processed marker 4800 for S1_trivial_1_h1
2026-03-11 18:59:59 - INFO - viterbi processed marker 4900 for S1_trivial_1_h1
2026-03-11 19:00:00 - INFO - viterbi processed marker 5000 for S1_trivial_1_h1
2026-03-11 19:00:02 - INFO - viterbi processed marker 5100 for S1_trivial_1_h1
2026-03-11 19:00:03 - INFO - viterbi processed marker 5200 for S1_trivial_1_h1
2026-03-11 19:00:05 - INFO - viterbi processed marker 5300 for S1_trivial_1_h1
2026-03-11 19:00:07 - INFO - viterbi processed marker 5400 for S1_trivial_1_h1
2026-03-11 19:00:08 - INFO - viterbi processed marker 5500 for S1_trivial_1_h1
2026-03-11 19:00:10 - INFO - viterbi processed marker 5600 for S1_trivial_1_h1
2026-03-11 19:00:11 - INFO - viterbi processed marker 5700 for S1_trivial_1_h1
2026-03-11 19:00:13 - INFO - viterbi processed marker 5800 for S1_trivial_1_h1
2026-03-11 19:00:14 - INFO - viterbi processed marker 5900 for S1_trivial_1_h1
2026-03-11 19:00:16 - INFO - viterbi processed marker 6000 for S1_trivial_1_h1
2026-03-11 19:00:18 - INFO - viterbi processed marker 6100 for S1_trivial_1_h1
2026-03-11 19:00:19 - INFO - viterbi processed marker 6200 for S1_trivial_1_h1
2026-03-11 19:00:21 - INFO - viterbi processed marker 6300 for S1_trivial_1_h1
2026-03-11 19:00:21 - INFO - haplotype 1 (S1_trivial_1_h1) processed
2026-03-11 19:01:54 - INFO - forward pass complete for S1_trivial_1_h2
2026-03-11 19:03:28 - INFO - backward pass complete for S1_trivial_1_h2
2026-03-11 19:03:40 - INFO - global ancestry calculated for S1_trivial_1_h2
2026-03-11 19:03:42 - INFO - viterbi processed marker 100 for S1_trivial_1_h2
2026-03-11 19:03:43 - INFO - viterbi processed marker 200 for S1_trivial_1_h2
2026-03-11 19:03:45 - INFO - viterbi processed marker 300 for S1_trivial_1_h2
2026-03-11 19:03:46 - INFO - viterbi processed marker 400 for S1_trivial_1_h2
2026-03-11 19:03:48 - INFO - viterbi processed marker 500 for S1_trivial_1_h2
2026-03-11 19:03:49 - INFO - viterbi processed marker 600 for S1_trivial_1_h2
2026-03-11 19:03:51 - INFO - viterbi processed marker 700 for S1_trivial_1_h2
2026-03-11 19:03:53 - INFO - viterbi processed marker 800 for S1_trivial_1_h2
2026-03-11 19:03:54 - INFO - viterbi processed marker 900 for S1_trivial_1_h2
2026-03-11 19:03:56 - INFO - viterbi processed marker 1000 for S1_trivial_1_h2
2026-03-11 19:03:57 - INFO - viterbi processed marker 1100 for S1_trivial_1_h2
2026-03-11 19:03:59 - INFO - viterbi processed marker 1200 for S1_trivial_1_h2
2026-03-11 19:04:01 - INFO - viterbi processed marker 1300 for S1_trivial_1_h2
2026-03-11 19:04:02 - INFO - viterbi processed marker 1400 for S1_trivial_1_h2
2026-03-11 19:04:04 - INFO - viterbi processed marker 1500 for S1_trivial_1_h2
2026-03-11 19:04:05 - INFO - viterbi processed marker 1600 for S1_trivial_1_h2
2026-03-11 19:04:07 - INFO - viterbi processed marker 1700 for S1_trivial_1_h2
2026-03-11 19:04:08 - INFO - viterbi processed marker 1800 for S1_trivial_1_h2
2026-03-11 19:04:10 - INFO - viterbi processed marker 1900 for S1_trivial_1_h2
2026-03-11 19:04:12 - INFO - viterbi processed marker 2000 for S1_trivial_1_h2
2026-03-11 19:04:13 - INFO - viterbi processed marker 2100 for S1_trivial_1_h2
2026-03-11 19:04:15 - INFO - viterbi processed marker 2200 for S1_trivial_1_h2
2026-03-11 19:04:16 - INFO - viterbi processed marker 2300 for S1_trivial_1_h2
2026-03-11 19:04:18 - INFO - viterbi processed marker 2400 for S1_trivial_1_h2
2026-03-11 19:04:19 - INFO - viterbi processed marker 2500 for S1_trivial_1_h2
2026-03-11 19:04:21 - INFO - viterbi processed marker 2600 for S1_trivial_1_h2
2026-03-11 19:04:23 - INFO - viterbi processed marker 2700 for S1_trivial_1_h2
2026-03-11 19:04:24 - INFO - viterbi processed marker 2800 for S1_trivial_1_h2
2026-03-11 19:04:26 - INFO - viterbi processed marker 2900 for S1_trivial_1_h2
2026-03-11 19:04:27 - INFO - viterbi processed marker 3000 for S1_trivial_1_h2
2026-03-11 19:04:29 - INFO - viterbi processed marker 3100 for S1_trivial_1_h2
2026-03-11 19:04:30 - INFO - viterbi processed marker 3200 for S1_trivial_1_h2
2026-03-11 19:04:32 - INFO - viterbi processed marker 3300 for S1_trivial_1_h2
2026-03-11 19:04:34 - INFO - viterbi processed marker 3400 for S1_trivial_1_h2
2026-03-11 19:04:35 - INFO - viterbi processed marker 3500 for S1_trivial_1_h2
2026-03-11 19:04:37 - INFO - viterbi processed marker 3600 for S1_trivial_1_h2
2026-03-11 19:04:38 - INFO - viterbi processed marker 3700 for S1_trivial_1_h2
2026-03-11 19:04:40 - INFO - viterbi processed marker 3800 for S1_trivial_1_h2
2026-03-11 19:04:42 - INFO - viterbi processed marker 3900 for S1_trivial_1_h2
2026-03-11 19:04:43 - INFO - viterbi processed marker 4000 for S1_trivial_1_h2
2026-03-11 19:04:45 - INFO - viterbi processed marker 4100 for S1_trivial_1_h2
2026-03-11 19:04:46 - INFO - viterbi processed marker 4200 for S1_trivial_1_h2
2026-03-11 19:04:48 - INFO - viterbi processed marker 4300 for S1_trivial_1_h2
2026-03-11 19:04:49 - INFO - viterbi processed marker 4400 for S1_trivial_1_h2
2026-03-11 19:04:51 - INFO - viterbi processed marker 4500 for S1_trivial_1_h2
2026-03-11 19:04:53 - INFO - viterbi processed marker 4600 for S1_trivial_1_h2
2026-03-11 19:04:54 - INFO - viterbi processed marker 4700 for S1_trivial_1_h2
2026-03-11 19:04:56 - INFO - viterbi processed marker 4800 for S1_trivial_1_h2
2026-03-11 19:04:57 - INFO - viterbi processed marker 4900 for S1_trivial_1_h2
2026-03-11 19:04:59 - INFO - viterbi processed marker 5000 for S1_trivial_1_h2
2026-03-11 19:05:01 - INFO - viterbi processed marker 5100 for S1_trivial_1_h2
2026-03-11 19:05:02 - INFO - viterbi processed marker 5200 for S1_trivial_1_h2
2026-03-11 19:05:04 - INFO - viterbi processed marker 5300 for S1_trivial_1_h2
2026-03-11 19:05:05 - INFO - viterbi processed marker 5400 for S1_trivial_1_h2
2026-03-11 19:05:07 - INFO - viterbi processed marker 5500 for S1_trivial_1_h2
2026-03-11 19:05:08 - INFO - viterbi processed marker 5600 for S1_trivial_1_h2
2026-03-11 19:05:10 - INFO - viterbi processed marker 5700 for S1_trivial_1_h2
2026-03-11 19:05:12 - INFO - viterbi processed marker 5800 for S1_trivial_1_h2
2026-03-11 19:05:13 - INFO - viterbi processed marker 5900 for S1_trivial_1_h2
2026-03-11 19:05:15 - INFO - viterbi processed marker 6000 for S1_trivial_1_h2
2026-03-11 19:05:16 - INFO - viterbi processed marker 6100 for S1_trivial_1_h2
2026-03-11 19:05:18 - INFO - viterbi processed marker 6200 for S1_trivial_1_h2
2026-03-11 19:05:20 - INFO - viterbi processed marker 6300 for S1_trivial_1_h2
2026-03-11 19:05:20 - INFO - haplotype 2 (S1_trivial_1_h2) processed
2026-03-11 19:06:54 - INFO - forward pass complete for S1_trivial_2_h1
2026-03-11 19:08:28 - INFO - backward pass complete for S1_trivial_2_h1
2026-03-11 19:08:40 - INFO - global ancestry calculated for S1_trivial_2_h1
2026-03-11 19:08:42 - INFO - viterbi processed marker 100 for S1_trivial_2_h1
2026-03-11 19:08:43 - INFO - viterbi processed marker 200 for S1_trivial_2_h1
2026-03-11 19:08:45 - INFO - viterbi processed marker 300 for S1_trivial_2_h1
2026-03-11 19:08:47 - INFO - viterbi processed marker 400 for S1_trivial_2_h1
2026-03-11 19:08:48 - INFO - viterbi processed marker 500 for S1_trivial_2_h1
2026-03-11 19:08:50 - INFO - viterbi processed marker 600 for S1_trivial_2_h1
2026-03-11 19:08:51 - INFO - viterbi processed marker 700 for S1_trivial_2_h1
2026-03-11 19:08:53 - INFO - viterbi processed marker 800 for S1_trivial_2_h1
2026-03-11 19:08:54 - INFO - viterbi processed marker 900 for S1_trivial_2_h1
2026-03-11 19:08:56 - INFO - viterbi processed marker 1000 for S1_trivial_2_h1
2026-03-11 19:08:57 - INFO - viterbi processed marker 1100 for S1_trivial_2_h1
2026-03-11 19:08:59 - INFO - viterbi processed marker 1200 for S1_trivial_2_h1
2026-03-11 19:09:01 - INFO - viterbi processed marker 1300 for S1_trivial_2_h1
2026-03-11 19:09:02 - INFO - viterbi processed marker 1400 for S1_trivial_2_h1
2026-03-11 19:09:04 - INFO - viterbi processed marker 1500 for S1_trivial_2_h1
2026-03-11 19:09:05 - INFO - viterbi processed marker 1600 for S1_trivial_2_h1
2026-03-11 19:09:07 - INFO - viterbi processed marker 1700 for S1_trivial_2_h1
2026-03-11 19:09:08 - INFO - viterbi processed marker 1800 for S1_trivial_2_h1
2026-03-11 19:09:10 - INFO - viterbi processed marker 1900 for S1_trivial_2_h1
2026-03-11 19:09:12 - INFO - viterbi processed marker 2000 for S1_trivial_2_h1
2026-03-11 19:09:13 - INFO - viterbi processed marker 2100 for S1_trivial_2_h1
2026-03-11 19:09:15 - INFO - viterbi processed marker 2200 for S1_trivial_2_h1
2026-03-11 19:09:16 - INFO - viterbi processed marker 2300 for S1_trivial_2_h1
2026-03-11 19:09:18 - INFO - viterbi processed marker 2400 for S1_trivial_2_h1
2026-03-11 19:09:19 - INFO - viterbi processed marker 2500 for S1_trivial_2_h1
2026-03-11 19:09:21 - INFO - viterbi processed marker 2600 for S1_trivial_2_h1
2026-03-11 19:09:22 - INFO - viterbi processed marker 2700 for S1_trivial_2_h1
2026-03-11 19:09:24 - INFO - viterbi processed marker 2800 for S1_trivial_2_h1
2026-03-11 19:09:26 - INFO - viterbi processed marker 2900 for S1_trivial_2_h1
2026-03-11 19:09:27 - INFO - viterbi processed marker 3000 for S1_trivial_2_h1
2026-03-11 19:09:29 - INFO - viterbi processed marker 3100 for S1_trivial_2_h1
2026-03-11 19:09:30 - INFO - viterbi processed marker 3200 for S1_trivial_2_h1
2026-03-11 19:09:32 - INFO - viterbi processed marker 3300 for S1_trivial_2_h1
2026-03-11 19:09:33 - INFO - viterbi processed marker 3400 for S1_trivial_2_h1
2026-03-11 19:09:35 - INFO - viterbi processed marker 3500 for S1_trivial_2_h1
2026-03-11 19:09:37 - INFO - viterbi processed marker 3600 for S1_trivial_2_h1
2026-03-11 19:09:38 - INFO - viterbi processed marker 3700 for S1_trivial_2_h1
2026-03-11 19:09:40 - INFO - viterbi processed marker 3800 for S1_trivial_2_h1
2026-03-11 19:09:41 - INFO - viterbi processed marker 3900 for S1_trivial_2_h1
2026-03-11 19:09:43 - INFO - viterbi processed marker 4000 for S1_trivial_2_h1
2026-03-11 19:09:45 - INFO - viterbi processed marker 4100 for S1_trivial_2_h1
2026-03-11 19:09:46 - INFO - viterbi processed marker 4200 for S1_trivial_2_h1
2026-03-11 19:09:48 - INFO - viterbi processed marker 4300 for S1_trivial_2_h1
2026-03-11 19:09:49 - INFO - viterbi processed marker 4400 for S1_trivial_2_h1
2026-03-11 19:09:51 - INFO - viterbi processed marker 4500 for S1_trivial_2_h1
2026-03-11 19:09:52 - INFO - viterbi processed marker 4600 for S1_trivial_2_h1
2026-03-11 19:09:54 - INFO - viterbi processed marker 4700 for S1_trivial_2_h1
2026-03-11 19:09:55 - INFO - viterbi processed marker 4800 for S1_trivial_2_h1
2026-03-11 19:09:57 - INFO - viterbi processed marker 4900 for S1_trivial_2_h1
2026-03-11 19:09:59 - INFO - viterbi processed marker 5000 for S1_trivial_2_h1
2026-03-11 19:10:01 - INFO - viterbi processed marker 5100 for S1_trivial_2_h1
2026-03-11 19:10:03 - INFO - viterbi processed marker 5200 for S1_trivial_2_h1
2026-03-11 19:10:04 - INFO - viterbi processed marker 5300 for S1_trivial_2_h1
2026-03-11 19:10:06 - INFO - viterbi processed marker 5400 for S1_trivial_2_h1
2026-03-11 19:10:07 - INFO - viterbi processed marker 5500 for S1_trivial_2_h1
2026-03-11 19:10:09 - INFO - viterbi processed marker 5600 for S1_trivial_2_h1
2026-03-11 19:10:11 - INFO - viterbi processed marker 5700 for S1_trivial_2_h1
2026-03-11 19:10:12 - INFO - viterbi processed marker 5800 for S1_trivial_2_h1
2026-03-11 19:10:14 - INFO - viterbi processed marker 5900 for S1_trivial_2_h1
2026-03-11 19:10:15 - INFO - viterbi processed marker 6000 for S1_trivial_2_h1
2026-03-11 19:10:17 - INFO - viterbi processed marker 6100 for S1_trivial_2_h1
2026-03-11 19:10:19 - INFO - viterbi processed marker 6200 for S1_trivial_2_h1
2026-03-11 19:10:20 - INFO - viterbi processed marker 6300 for S1_trivial_2_h1
2026-03-11 19:10:21 - INFO - haplotype 3 (S1_trivial_2_h1) processed
2026-03-11 19:11:54 - INFO - forward pass complete for S1_trivial_2_h2
2026-03-11 19:13:31 - INFO - backward pass complete for S1_trivial_2_h2
2026-03-11 19:13:43 - INFO - global ancestry calculated for S1_trivial_2_h2
2026-03-11 19:13:44 - INFO - viterbi processed marker 100 for S1_trivial_2_h2
2026-03-11 19:13:46 - INFO - viterbi processed marker 200 for S1_trivial_2_h2
2026-03-11 19:13:47 - INFO - viterbi processed marker 300 for S1_trivial_2_h2
2026-03-11 19:13:49 - INFO - viterbi processed marker 400 for S1_trivial_2_h2
2026-03-11 19:13:51 - INFO - viterbi processed marker 500 for S1_trivial_2_h2
2026-03-11 19:13:52 - INFO - viterbi processed marker 600 for S1_trivial_2_h2
2026-03-11 19:13:54 - INFO - viterbi processed marker 700 for S1_trivial_2_h2
2026-03-11 19:13:55 - INFO - viterbi processed marker 800 for S1_trivial_2_h2
2026-03-11 19:13:57 - INFO - viterbi processed marker 900 for S1_trivial_2_h2
2026-03-11 19:13:58 - INFO - viterbi processed marker 1000 for S1_trivial_2_h2
2026-03-11 19:14:00 - INFO - viterbi processed marker 1100 for S1_trivial_2_h2
2026-03-11 19:14:02 - INFO - viterbi processed marker 1200 for S1_trivial_2_h2
2026-03-11 19:14:03 - INFO - viterbi processed marker 1300 for S1_trivial_2_h2
2026-03-11 19:14:05 - INFO - viterbi processed marker 1400 for S1_trivial_2_h2
2026-03-11 19:14:06 - INFO - viterbi processed marker 1500 for S1_trivial_2_h2
2026-03-11 19:14:08 - INFO - viterbi processed marker 1600 for S1_trivial_2_h2
2026-03-11 19:14:10 - INFO - viterbi processed marker 1700 for S1_trivial_2_h2
2026-03-11 19:14:11 - INFO - viterbi processed marker 1800 for S1_trivial_2_h2
2026-03-11 19:14:13 - INFO - viterbi processed marker 1900 for S1_trivial_2_h2
2026-03-11 19:14:14 - INFO - viterbi processed marker 2000 for S1_trivial_2_h2
2026-03-11 19:14:16 - INFO - viterbi processed marker 2100 for S1_trivial_2_h2
2026-03-11 19:14:17 - INFO - viterbi processed marker 2200 for S1_trivial_2_h2
2026-03-11 19:14:19 - INFO - viterbi processed marker 2300 for S1_trivial_2_h2
2026-03-11 19:14:21 - INFO - viterbi processed marker 2400 for S1_trivial_2_h2
2026-03-11 19:14:22 - INFO - viterbi processed marker 2500 for S1_trivial_2_h2
2026-03-11 19:14:24 - INFO - viterbi processed marker 2600 for S1_trivial_2_h2
2026-03-11 19:14:25 - INFO - viterbi processed marker 2700 for S1_trivial_2_h2
2026-03-11 19:14:27 - INFO - viterbi processed marker 2800 for S1_trivial_2_h2
2026-03-11 19:14:29 - INFO - viterbi processed marker 2900 for S1_trivial_2_h2
2026-03-11 19:14:30 - INFO - viterbi processed marker 3000 for S1_trivial_2_h2
2026-03-11 19:14:32 - INFO - viterbi processed marker 3100 for S1_trivial_2_h2
2026-03-11 19:14:33 - INFO - viterbi processed marker 3200 for S1_trivial_2_h2
2026-03-11 19:14:35 - INFO - viterbi processed marker 3300 for S1_trivial_2_h2
2026-03-11 19:14:37 - INFO - viterbi processed marker 3400 for S1_trivial_2_h2
2026-03-11 19:14:38 - INFO - viterbi processed marker 3500 for S1_trivial_2_h2
2026-03-11 19:14:40 - INFO - viterbi processed marker 3600 for S1_trivial_2_h2
2026-03-11 19:14:41 - INFO - viterbi processed marker 3700 for S1_trivial_2_h2
2026-03-11 19:14:43 - INFO - viterbi processed marker 3800 for S1_trivial_2_h2
2026-03-11 19:14:44 - INFO - viterbi processed marker 3900 for S1_trivial_2_h2
2026-03-11 19:14:46 - INFO - viterbi processed marker 4000 for S1_trivial_2_h2
2026-03-11 19:14:48 - INFO - viterbi processed marker 4100 for S1_trivial_2_h2
2026-03-11 19:14:49 - INFO - viterbi processed marker 4200 for S1_trivial_2_h2
2026-03-11 19:14:51 - INFO - viterbi processed marker 4300 for S1_trivial_2_h2
2026-03-11 19:14:52 - INFO - viterbi processed marker 4400 for S1_trivial_2_h2
2026-03-11 19:14:54 - INFO - viterbi processed marker 4500 for S1_trivial_2_h2
2026-03-11 19:14:55 - INFO - viterbi processed marker 4600 for S1_trivial_2_h2
2026-03-11 19:14:57 - INFO - viterbi processed marker 4700 for S1_trivial_2_h2
2026-03-11 19:14:58 - INFO - viterbi processed marker 4800 for S1_trivial_2_h2
2026-03-11 19:15:00 - INFO - viterbi processed marker 4900 for S1_trivial_2_h2
2026-03-11 19:15:02 - INFO - viterbi processed marker 5000 for S1_trivial_2_h2
2026-03-11 19:15:03 - INFO - viterbi processed marker 5100 for S1_trivial_2_h2
2026-03-11 19:15:05 - INFO - viterbi processed marker 5200 for S1_trivial_2_h2
2026-03-11 19:15:06 - INFO - viterbi processed marker 5300 for S1_trivial_2_h2
2026-03-11 19:15:08 - INFO - viterbi processed marker 5400 for S1_trivial_2_h2
2026-03-11 19:15:09 - INFO - viterbi processed marker 5500 for S1_trivial_2_h2
2026-03-11 19:15:11 - INFO - viterbi processed marker 5600 for S1_trivial_2_h2
2026-03-11 19:15:13 - INFO - viterbi processed marker 5700 for S1_trivial_2_h2
2026-03-11 19:15:14 - INFO - viterbi processed marker 5800 for S1_trivial_2_h2
2026-03-11 19:15:16 - INFO - viterbi processed marker 5900 for S1_trivial_2_h2
2026-03-11 19:15:17 - INFO - viterbi processed marker 6000 for S1_trivial_2_h2
2026-03-11 19:15:19 - INFO - viterbi processed marker 6100 for S1_trivial_2_h2
2026-03-11 19:15:20 - INFO - viterbi processed marker 6200 for S1_trivial_2_h2
2026-03-11 19:15:22 - INFO - viterbi processed marker 6300 for S1_trivial_2_h2
2026-03-11 19:15:23 - INFO - haplotype 4 (S1_trivial_2_h2) processed
2026-03-11 19:16:56 - INFO - forward pass complete for S2_two_ancestries_1_h1
2026-03-11 19:18:29 - INFO - backward pass complete for S2_two_ancestries_1_h1
2026-03-11 19:18:41 - INFO - global ancestry calculated for S2_two_ancestries_1_h1
2026-03-11 19:18:43 - INFO - viterbi processed marker 100 for S2_two_ancestries_1_h1
2026-03-11 19:18:44 - INFO - viterbi processed marker 200 for S2_two_ancestries_1_h1
2026-03-11 19:18:46 - INFO - viterbi processed marker 300 for S2_two_ancestries_1_h1
2026-03-11 19:18:48 - INFO - viterbi processed marker 400 for S2_two_ancestries_1_h1
2026-03-11 19:18:49 - INFO - viterbi processed marker 500 for S2_two_ancestries_1_h1
2026-03-11 19:18:51 - INFO - viterbi processed marker 600 for S2_two_ancestries_1_h1
2026-03-11 19:18:52 - INFO - viterbi processed marker 700 for S2_two_ancestries_1_h1
2026-03-11 19:18:54 - INFO - viterbi processed marker 800 for S2_two_ancestries_1_h1
2026-03-11 19:18:56 - INFO - viterbi processed marker 900 for S2_two_ancestries_1_h1
2026-03-11 19:18:57 - INFO - viterbi processed marker 1000 for S2_two_ancestries_1_h1
2026-03-11 19:18:59 - INFO - viterbi processed marker 1100 for S2_two_ancestries_1_h1
2026-03-11 19:19:00 - INFO - viterbi processed marker 1200 for S2_two_ancestries_1_h1
2026-03-11 19:19:02 - INFO - viterbi processed marker 1300 for S2_two_ancestries_1_h1
2026-03-11 19:19:03 - INFO - viterbi processed marker 1400 for S2_two_ancestries_1_h1
2026-03-11 19:19:05 - INFO - viterbi processed marker 1500 for S2_two_ancestries_1_h1
2026-03-11 19:19:07 - INFO - viterbi processed marker 1600 for S2_two_ancestries_1_h1
2026-03-11 19:19:08 - INFO - viterbi processed marker 1700 for S2_two_ancestries_1_h1
2026-03-11 19:19:10 - INFO - viterbi processed marker 1800 for S2_two_ancestries_1_h1
2026-03-11 19:19:11 - INFO - viterbi processed marker 1900 for S2_two_ancestries_1_h1
2026-03-11 19:19:13 - INFO - viterbi processed marker 2000 for S2_two_ancestries_1_h1
2026-03-11 19:19:14 - INFO - viterbi processed marker 2100 for S2_two_ancestries_1_h1
2026-03-11 19:19:16 - INFO - viterbi processed marker 2200 for S2_two_ancestries_1_h1
2026-03-11 19:19:18 - INFO - viterbi processed marker 2300 for S2_two_ancestries_1_h1
2026-03-11 19:19:19 - INFO - viterbi processed marker 2400 for S2_two_ancestries_1_h1
2026-03-11 19:19:21 - INFO - viterbi processed marker 2500 for S2_two_ancestries_1_h1
2026-03-11 19:19:22 - INFO - viterbi processed marker 2600 for S2_two_ancestries_1_h1
2026-03-11 19:19:24 - INFO - viterbi processed marker 2700 for S2_two_ancestries_1_h1
2026-03-11 19:19:25 - INFO - viterbi processed marker 2800 for S2_two_ancestries_1_h1
2026-03-11 19:19:27 - INFO - viterbi processed marker 2900 for S2_two_ancestries_1_h1
2026-03-11 19:19:28 - INFO - viterbi processed marker 3000 for S2_two_ancestries_1_h1
2026-03-11 19:19:30 - INFO - viterbi processed marker 3100 for S2_two_ancestries_1_h1
2026-03-11 19:19:32 - INFO - viterbi processed marker 3200 for S2_two_ancestries_1_h1
2026-03-11 19:19:33 - INFO - viterbi processed marker 3300 for S2_two_ancestries_1_h1
2026-03-11 19:19:35 - INFO - viterbi processed marker 3400 for S2_two_ancestries_1_h1
2026-03-11 19:19:36 - INFO - viterbi processed marker 3500 for S2_two_ancestries_1_h1
2026-03-11 19:19:38 - INFO - viterbi processed marker 3600 for S2_two_ancestries_1_h1
2026-03-11 19:19:40 - INFO - viterbi processed marker 3700 for S2_two_ancestries_1_h1
2026-03-11 19:19:41 - INFO - viterbi processed marker 3800 for S2_two_ancestries_1_h1
2026-03-11 19:19:43 - INFO - viterbi processed marker 3900 for S2_two_ancestries_1_h1
2026-03-11 19:19:44 - INFO - viterbi processed marker 4000 for S2_two_ancestries_1_h1
2026-03-11 19:19:46 - INFO - viterbi processed marker 4100 for S2_two_ancestries_1_h1
2026-03-11 19:19:47 - INFO - viterbi processed marker 4200 for S2_two_ancestries_1_h1
2026-03-11 19:19:49 - INFO - viterbi processed marker 4300 for S2_two_ancestries_1_h1
2026-03-11 19:19:51 - INFO - viterbi processed marker 4400 for S2_two_ancestries_1_h1
2026-03-11 19:19:52 - INFO - viterbi processed marker 4500 for S2_two_ancestries_1_h1
2026-03-11 19:19:54 - INFO - viterbi processed marker 4600 for S2_two_ancestries_1_h1
2026-03-11 19:19:55 - INFO - viterbi processed marker 4700 for S2_two_ancestries_1_h1
2026-03-11 19:19:57 - INFO - viterbi processed marker 4800 for S2_two_ancestries_1_h1
2026-03-11 19:19:58 - INFO - viterbi processed marker 4900 for S2_two_ancestries_1_h1
2026-03-11 19:20:00 - INFO - viterbi processed marker 5000 for S2_two_ancestries_1_h1
2026-03-11 19:20:01 - INFO - viterbi processed marker 5100 for S2_two_ancestries_1_h1
2026-03-11 19:20:03 - INFO - viterbi processed marker 5200 for S2_two_ancestries_1_h1
2026-03-11 19:20:05 - INFO - viterbi processed marker 5300 for S2_two_ancestries_1_h1
2026-03-11 19:20:06 - INFO - viterbi processed marker 5400 for S2_two_ancestries_1_h1
2026-03-11 19:20:08 - INFO - viterbi processed marker 5500 for S2_two_ancestries_1_h1
2026-03-11 19:20:09 - INFO - viterbi processed marker 5600 for S2_two_ancestries_1_h1
2026-03-11 19:20:11 - INFO - viterbi processed marker 5700 for S2_two_ancestries_1_h1
2026-03-11 19:20:13 - INFO - viterbi processed marker 5800 for S2_two_ancestries_1_h1
2026-03-11 19:20:14 - INFO - viterbi processed marker 5900 for S2_two_ancestries_1_h1
2026-03-11 19:20:16 - INFO - viterbi processed marker 6000 for S2_two_ancestries_1_h1
2026-03-11 19:20:17 - INFO - viterbi processed marker 6100 for S2_two_ancestries_1_h1
2026-03-11 19:20:19 - INFO - viterbi processed marker 6200 for S2_two_ancestries_1_h1
2026-03-11 19:20:20 - INFO - viterbi processed marker 6300 for S2_two_ancestries_1_h1
2026-03-11 19:20:21 - INFO - haplotype 5 (S2_two_ancestries_1_h1) processed
2026-03-11 19:21:55 - INFO - forward pass complete for S2_two_ancestries_1_h2
2026-03-11 19:23:29 - INFO - backward pass complete for S2_two_ancestries_1_h2
2026-03-11 19:23:41 - INFO - global ancestry calculated for S2_two_ancestries_1_h2
2026-03-11 19:23:42 - INFO - viterbi processed marker 100 for S2_two_ancestries_1_h2
2026-03-11 19:23:44 - INFO - viterbi processed marker 200 for S2_two_ancestries_1_h2
2026-03-11 19:23:45 - INFO - viterbi processed marker 300 for S2_two_ancestries_1_h2
2026-03-11 19:23:47 - INFO - viterbi processed marker 400 for S2_two_ancestries_1_h2
2026-03-11 19:23:48 - INFO - viterbi processed marker 500 for S2_two_ancestries_1_h2
2026-03-11 19:23:50 - INFO - viterbi processed marker 600 for S2_two_ancestries_1_h2
2026-03-11 19:23:51 - INFO - viterbi processed marker 700 for S2_two_ancestries_1_h2
2026-03-11 19:23:53 - INFO - viterbi processed marker 800 for S2_two_ancestries_1_h2
2026-03-11 19:23:55 - INFO - viterbi processed marker 900 for S2_two_ancestries_1_h2
2026-03-11 19:23:56 - INFO - viterbi processed marker 1000 for S2_two_ancestries_1_h2
2026-03-11 19:23:58 - INFO - viterbi processed marker 1100 for S2_two_ancestries_1_h2
2026-03-11 19:23:59 - INFO - viterbi processed marker 1200 for S2_two_ancestries_1_h2
2026-03-11 19:24:01 - INFO - viterbi processed marker 1300 for S2_two_ancestries_1_h2
2026-03-11 19:24:02 - INFO - viterbi processed marker 1400 for S2_two_ancestries_1_h2
2026-03-11 19:24:04 - INFO - viterbi processed marker 1500 for S2_two_ancestries_1_h2
2026-03-11 19:24:06 - INFO - viterbi processed marker 1600 for S2_two_ancestries_1_h2
2026-03-11 19:24:07 - INFO - viterbi processed marker 1700 for S2_two_ancestries_1_h2
2026-03-11 19:24:09 - INFO - viterbi processed marker 1800 for S2_two_ancestries_1_h2
2026-03-11 19:24:11 - INFO - viterbi processed marker 1900 for S2_two_ancestries_1_h2
2026-03-11 19:24:12 - INFO - viterbi processed marker 2000 for S2_two_ancestries_1_h2
2026-03-11 19:24:14 - INFO - viterbi processed marker 2100 for S2_two_ancestries_1_h2
2026-03-11 19:24:15 - INFO - viterbi processed marker 2200 for S2_two_ancestries_1_h2
2026-03-11 19:24:17 - INFO - viterbi processed marker 2300 for S2_two_ancestries_1_h2
2026-03-11 19:24:18 - INFO - viterbi processed marker 2400 for S2_two_ancestries_1_h2
2026-03-11 19:24:20 - INFO - viterbi processed marker 2500 for S2_two_ancestries_1_h2
2026-03-11 19:24:22 - INFO - viterbi processed marker 2600 for S2_two_ancestries_1_h2
2026-03-11 19:24:23 - INFO - viterbi processed marker 2700 for S2_two_ancestries_1_h2
2026-03-11 19:24:25 - INFO - viterbi processed marker 2800 for S2_two_ancestries_1_h2
2026-03-11 19:24:26 - INFO - viterbi processed marker 2900 for S2_two_ancestries_1_h2
2026-03-11 19:24:28 - INFO - viterbi processed marker 3000 for S2_two_ancestries_1_h2
2026-03-11 19:24:29 - INFO - viterbi processed marker 3100 for S2_two_ancestries_1_h2
2026-03-11 19:24:31 - INFO - viterbi processed marker 3200 for S2_two_ancestries_1_h2
2026-03-11 19:24:33 - INFO - viterbi processed marker 3300 for S2_two_ancestries_1_h2
2026-03-11 19:24:34 - INFO - viterbi processed marker 3400 for S2_two_ancestries_1_h2
2026-03-11 19:24:36 - INFO - viterbi processed marker 3500 for S2_two_ancestries_1_h2
2026-03-11 19:24:37 - INFO - viterbi processed marker 3600 for S2_two_ancestries_1_h2
2026-03-11 19:24:39 - INFO - viterbi processed marker 3700 for S2_two_ancestries_1_h2
2026-03-11 19:24:40 - INFO - viterbi processed marker 3800 for S2_two_ancestries_1_h2
2026-03-11 19:24:42 - INFO - viterbi processed marker 3900 for S2_two_ancestries_1_h2
2026-03-11 19:24:44 - INFO - viterbi processed marker 4000 for S2_two_ancestries_1_h2
2026-03-11 19:24:45 - INFO - viterbi processed marker 4100 for S2_two_ancestries_1_h2
2026-03-11 19:24:47 - INFO - viterbi processed marker 4200 for S2_two_ancestries_1_h2
2026-03-11 19:24:48 - INFO - viterbi processed marker 4300 for S2_two_ancestries_1_h2
2026-03-11 19:24:50 - INFO - viterbi processed marker 4400 for S2_two_ancestries_1_h2
2026-03-11 19:24:52 - INFO - viterbi processed marker 4500 for S2_two_ancestries_1_h2
2026-03-11 19:24:53 - INFO - viterbi processed marker 4600 for S2_two_ancestries_1_h2
2026-03-11 19:24:55 - INFO - viterbi processed marker 4700 for S2_two_ancestries_1_h2
2026-03-11 19:24:56 - INFO - viterbi processed marker 4800 for S2_two_ancestries_1_h2
2026-03-11 19:24:58 - INFO - viterbi processed marker 4900 for S2_two_ancestries_1_h2
2026-03-11 19:24:59 - INFO - viterbi processed marker 5000 for S2_two_ancestries_1_h2
2026-03-11 19:25:01 - INFO - viterbi processed marker 5100 for S2_two_ancestries_1_h2
2026-03-11 19:25:02 - INFO - viterbi processed marker 5200 for S2_two_ancestries_1_h2
2026-03-11 19:25:04 - INFO - viterbi processed marker 5300 for S2_two_ancestries_1_h2
2026-03-11 19:25:06 - INFO - viterbi processed marker 5400 for S2_two_ancestries_1_h2
2026-03-11 19:25:07 - INFO - viterbi processed marker 5500 for S2_two_ancestries_1_h2
2026-03-11 19:25:09 - INFO - viterbi processed marker 5600 for S2_two_ancestries_1_h2
2026-03-11 19:25:10 - INFO - viterbi processed marker 5700 for S2_two_ancestries_1_h2
2026-03-11 19:25:12 - INFO - viterbi processed marker 5800 for S2_two_ancestries_1_h2
2026-03-11 19:25:14 - INFO - viterbi processed marker 5900 for S2_two_ancestries_1_h2
2026-03-11 19:25:15 - INFO - viterbi processed marker 6000 for S2_two_ancestries_1_h2
2026-03-11 19:25:17 - INFO - viterbi processed marker 6100 for S2_two_ancestries_1_h2
2026-03-11 19:25:18 - INFO - viterbi processed marker 6200 for S2_two_ancestries_1_h2
2026-03-11 19:25:20 - INFO - viterbi processed marker 6300 for S2_two_ancestries_1_h2
2026-03-11 19:25:21 - INFO - haplotype 6 (S2_two_ancestries_1_h2) processed
2026-03-11 19:26:53 - INFO - forward pass complete for S2_two_ancestries_2_h1
2026-03-11 19:28:27 - INFO - backward pass complete for S2_two_ancestries_2_h1
2026-03-11 19:28:39 - INFO - global ancestry calculated for S2_two_ancestries_2_h1
2026-03-11 19:28:41 - INFO - viterbi processed marker 100 for S2_two_ancestries_2_h1
2026-03-11 19:28:42 - INFO - viterbi processed marker 200 for S2_two_ancestries_2_h1
2026-03-11 19:28:44 - INFO - viterbi processed marker 300 for S2_two_ancestries_2_h1
2026-03-11 19:28:45 - INFO - viterbi processed marker 400 for S2_two_ancestries_2_h1
2026-03-11 19:28:47 - INFO - viterbi processed marker 500 for S2_two_ancestries_2_h1
2026-03-11 19:28:49 - INFO - viterbi processed marker 600 for S2_two_ancestries_2_h1
2026-03-11 19:28:50 - INFO - viterbi processed marker 700 for S2_two_ancestries_2_h1
2026-03-11 19:28:52 - INFO - viterbi processed marker 800 for S2_two_ancestries_2_h1
2026-03-11 19:28:53 - INFO - viterbi processed marker 900 for S2_two_ancestries_2_h1
2026-03-11 19:28:55 - INFO - viterbi processed marker 1000 for S2_two_ancestries_2_h1
2026-03-11 19:28:56 - INFO - viterbi processed marker 1100 for S2_two_ancestries_2_h1
2026-03-11 19:28:58 - INFO - viterbi processed marker 1200 for S2_two_ancestries_2_h1
2026-03-11 19:28:59 - INFO - viterbi processed marker 1300 for S2_two_ancestries_2_h1
2026-03-11 19:29:01 - INFO - viterbi processed marker 1400 for S2_two_ancestries_2_h1
2026-03-11 19:29:03 - INFO - viterbi processed marker 1500 for S2_two_ancestries_2_h1
2026-03-11 19:29:04 - INFO - viterbi processed marker 1600 for S2_two_ancestries_2_h1
2026-03-11 19:29:06 - INFO - viterbi processed marker 1700 for S2_two_ancestries_2_h1
2026-03-11 19:29:07 - INFO - viterbi processed marker 1800 for S2_two_ancestries_2_h1
2026-03-11 19:29:09 - INFO - viterbi processed marker 1900 for S2_two_ancestries_2_h1
2026-03-11 19:29:10 - INFO - viterbi processed marker 2000 for S2_two_ancestries_2_h1
2026-03-11 19:29:12 - INFO - viterbi processed marker 2100 for S2_two_ancestries_2_h1
2026-03-11 19:29:14 - INFO - viterbi processed marker 2200 for S2_two_ancestries_2_h1
2026-03-11 19:29:15 - INFO - viterbi processed marker 2300 for S2_two_ancestries_2_h1
2026-03-11 19:29:17 - INFO - viterbi processed marker 2400 for S2_two_ancestries_2_h1
2026-03-11 19:29:18 - INFO - viterbi processed marker 2500 for S2_two_ancestries_2_h1
2026-03-11 19:29:20 - INFO - viterbi processed marker 2600 for S2_two_ancestries_2_h1
2026-03-11 19:29:21 - INFO - viterbi processed marker 2700 for S2_two_ancestries_2_h1
2026-03-11 19:29:23 - INFO - viterbi processed marker 2800 for S2_two_ancestries_2_h1
2026-03-11 19:29:25 - INFO - viterbi processed marker 2900 for S2_two_ancestries_2_h1
2026-03-11 19:29:26 - INFO - viterbi processed marker 3000 for S2_two_ancestries_2_h1
2026-03-11 19:29:28 - INFO - viterbi processed marker 3100 for S2_two_ancestries_2_h1
2026-03-11 19:29:29 - INFO - viterbi processed marker 3200 for S2_two_ancestries_2_h1
2026-03-11 19:29:31 - INFO - viterbi processed marker 3300 for S2_two_ancestries_2_h1
2026-03-11 19:29:33 - INFO - viterbi processed marker 3400 for S2_two_ancestries_2_h1
2026-03-11 19:29:34 - INFO - viterbi processed marker 3500 for S2_two_ancestries_2_h1
2026-03-11 19:29:36 - INFO - viterbi processed marker 3600 for S2_two_ancestries_2_h1
2026-03-11 19:29:37 - INFO - viterbi processed marker 3700 for S2_two_ancestries_2_h1
2026-03-11 19:29:39 - INFO - viterbi processed marker 3800 for S2_two_ancestries_2_h1
2026-03-11 19:29:40 - INFO - viterbi processed marker 3900 for S2_two_ancestries_2_h1
2026-03-11 19:29:42 - INFO - viterbi processed marker 4000 for S2_two_ancestries_2_h1
2026-03-11 19:29:44 - INFO - viterbi processed marker 4100 for S2_two_ancestries_2_h1
2026-03-11 19:29:45 - INFO - viterbi processed marker 4200 for S2_two_ancestries_2_h1
2026-03-11 19:29:47 - INFO - viterbi processed marker 4300 for S2_two_ancestries_2_h1
2026-03-11 19:29:48 - INFO - viterbi processed marker 4400 for S2_two_ancestries_2_h1
2026-03-11 19:29:50 - INFO - viterbi processed marker 4500 for S2_two_ancestries_2_h1
2026-03-11 19:29:51 - INFO - viterbi processed marker 4600 for S2_two_ancestries_2_h1
2026-03-11 19:29:53 - INFO - viterbi processed marker 4700 for S2_two_ancestries_2_h1
2026-03-11 19:29:55 - INFO - viterbi processed marker 4800 for S2_two_ancestries_2_h1
2026-03-11 19:29:56 - INFO - viterbi processed marker 4900 for S2_two_ancestries_2_h1
2026-03-11 19:29:58 - INFO - viterbi processed marker 5000 for S2_two_ancestries_2_h1
2026-03-11 19:29:59 - INFO - viterbi processed marker 5100 for S2_two_ancestries_2_h1
2026-03-11 19:30:01 - INFO - viterbi processed marker 5200 for S2_two_ancestries_2_h1
2026-03-11 19:30:02 - INFO - viterbi processed marker 5300 for S2_two_ancestries_2_h1
2026-03-11 19:30:04 - INFO - viterbi processed marker 5400 for S2_two_ancestries_2_h1
2026-03-11 19:30:06 - INFO - viterbi processed marker 5500 for S2_two_ancestries_2_h1
2026-03-11 19:30:07 - INFO - viterbi processed marker 5600 for S2_two_ancestries_2_h1
2026-03-11 19:30:09 - INFO - viterbi processed marker 5700 for S2_two_ancestries_2_h1
2026-03-11 19:30:10 - INFO - viterbi processed marker 5800 for S2_two_ancestries_2_h1
2026-03-11 19:30:12 - INFO - viterbi processed marker 5900 for S2_two_ancestries_2_h1
2026-03-11 19:30:14 - INFO - viterbi processed marker 6000 for S2_two_ancestries_2_h1
2026-03-11 19:30:15 - INFO - viterbi processed marker 6100 for S2_two_ancestries_2_h1
2026-03-11 19:30:17 - INFO - viterbi processed marker 6200 for S2_two_ancestries_2_h1
2026-03-11 19:30:18 - INFO - viterbi processed marker 6300 for S2_two_ancestries_2_h1
2026-03-11 19:30:19 - INFO - haplotype 7 (S2_two_ancestries_2_h1) processed
2026-03-11 19:31:52 - INFO - forward pass complete for S2_two_ancestries_2_h2
2026-03-11 19:33:26 - INFO - backward pass complete for S2_two_ancestries_2_h2
2026-03-11 19:33:38 - INFO - global ancestry calculated for S2_two_ancestries_2_h2
2026-03-11 19:33:39 - INFO - viterbi processed marker 100 for S2_two_ancestries_2_h2
2026-03-11 19:33:41 - INFO - viterbi processed marker 200 for S2_two_ancestries_2_h2
2026-03-11 19:33:43 - INFO - viterbi processed marker 300 for S2_two_ancestries_2_h2
2026-03-11 19:33:44 - INFO - viterbi processed marker 400 for S2_two_ancestries_2_h2
2026-03-11 19:33:46 - INFO - viterbi processed marker 500 for S2_two_ancestries_2_h2
2026-03-11 19:33:47 - INFO - viterbi processed marker 600 for S2_two_ancestries_2_h2
2026-03-11 19:33:49 - INFO - viterbi processed marker 700 for S2_two_ancestries_2_h2
2026-03-11 19:33:51 - INFO - viterbi processed marker 800 for S2_two_ancestries_2_h2
2026-03-11 19:33:52 - INFO - viterbi processed marker 900 for S2_two_ancestries_2_h2
2026-03-11 19:33:54 - INFO - viterbi processed marker 1000 for S2_two_ancestries_2_h2
2026-03-11 19:33:55 - INFO - viterbi processed marker 1100 for S2_two_ancestries_2_h2
2026-03-11 19:33:57 - INFO - viterbi processed marker 1200 for S2_two_ancestries_2_h2
2026-03-11 19:33:58 - INFO - viterbi processed marker 1300 for S2_two_ancestries_2_h2
2026-03-11 19:34:00 - INFO - viterbi processed marker 1400 for S2_two_ancestries_2_h2
2026-03-11 19:34:02 - INFO - viterbi processed marker 1500 for S2_two_ancestries_2_h2
2026-03-11 19:34:03 - INFO - viterbi processed marker 1600 for S2_two_ancestries_2_h2
2026-03-11 19:34:05 - INFO - viterbi processed marker 1700 for S2_two_ancestries_2_h2
2026-03-11 19:34:06 - INFO - viterbi processed marker 1800 for S2_two_ancestries_2_h2
2026-03-11 19:34:08 - INFO - viterbi processed marker 1900 for S2_two_ancestries_2_h2
2026-03-11 19:34:09 - INFO - viterbi processed marker 2000 for S2_two_ancestries_2_h2
2026-03-11 19:34:11 - INFO - viterbi processed marker 2100 for S2_two_ancestries_2_h2
2026-03-11 19:34:13 - INFO - viterbi processed marker 2200 for S2_two_ancestries_2_h2
2026-03-11 19:34:14 - INFO - viterbi processed marker 2300 for S2_two_ancestries_2_h2
2026-03-11 19:34:16 - INFO - viterbi processed marker 2400 for S2_two_ancestries_2_h2
2026-03-11 19:34:17 - INFO - viterbi processed marker 2500 for S2_two_ancestries_2_h2
2026-03-11 19:34:19 - INFO - viterbi processed marker 2600 for S2_two_ancestries_2_h2
2026-03-11 19:34:21 - INFO - viterbi processed marker 2700 for S2_two_ancestries_2_h2
2026-03-11 19:34:22 - INFO - viterbi processed marker 2800 for S2_two_ancestries_2_h2
2026-03-11 19:34:24 - INFO - viterbi processed marker 2900 for S2_two_ancestries_2_h2
2026-03-11 19:34:25 - INFO - viterbi processed marker 3000 for S2_two_ancestries_2_h2
2026-03-11 19:34:27 - INFO - viterbi processed marker 3100 for S2_two_ancestries_2_h2
2026-03-11 19:34:28 - INFO - viterbi processed marker 3200 for S2_two_ancestries_2_h2
2026-03-11 19:34:30 - INFO - viterbi processed marker 3300 for S2_two_ancestries_2_h2
2026-03-11 19:34:32 - INFO - viterbi processed marker 3400 for S2_two_ancestries_2_h2
2026-03-11 19:34:33 - INFO - viterbi processed marker 3500 for S2_two_ancestries_2_h2
2026-03-11 19:34:35 - INFO - viterbi processed marker 3600 for S2_two_ancestries_2_h2
2026-03-11 19:34:37 - INFO - viterbi processed marker 3700 for S2_two_ancestries_2_h2
2026-03-11 19:34:38 - INFO - viterbi processed marker 3800 for S2_two_ancestries_2_h2
2026-03-11 19:34:40 - INFO - viterbi processed marker 3900 for S2_two_ancestries_2_h2
2026-03-11 19:34:41 - INFO - viterbi processed marker 4000 for S2_two_ancestries_2_h2
2026-03-11 19:34:43 - INFO - viterbi processed marker 4100 for S2_two_ancestries_2_h2
2026-03-11 19:34:44 - INFO - viterbi processed marker 4200 for S2_two_ancestries_2_h2
2026-03-11 19:34:46 - INFO - viterbi processed marker 4300 for S2_two_ancestries_2_h2
2026-03-11 19:34:48 - INFO - viterbi processed marker 4400 for S2_two_ancestries_2_h2
2026-03-11 19:34:49 - INFO - viterbi processed marker 4500 for S2_two_ancestries_2_h2
2026-03-11 19:34:51 - INFO - viterbi processed marker 4600 for S2_two_ancestries_2_h2
2026-03-11 19:34:52 - INFO - viterbi processed marker 4700 for S2_two_ancestries_2_h2
2026-03-11 19:34:54 - INFO - viterbi processed marker 4800 for S2_two_ancestries_2_h2
2026-03-11 19:34:55 - INFO - viterbi processed marker 4900 for S2_two_ancestries_2_h2
2026-03-11 19:34:57 - INFO - viterbi processed marker 5000 for S2_two_ancestries_2_h2
2026-03-11 19:34:59 - INFO - viterbi processed marker 5100 for S2_two_ancestries_2_h2
2026-03-11 19:35:00 - INFO - viterbi processed marker 5200 for S2_two_ancestries_2_h2
2026-03-11 19:35:02 - INFO - viterbi processed marker 5300 for S2_two_ancestries_2_h2
2026-03-11 19:35:03 - INFO - viterbi processed marker 5400 for S2_two_ancestries_2_h2
2026-03-11 19:35:05 - INFO - viterbi processed marker 5500 for S2_two_ancestries_2_h2
2026-03-11 19:35:06 - INFO - viterbi processed marker 5600 for S2_two_ancestries_2_h2
2026-03-11 19:35:08 - INFO - viterbi processed marker 5700 for S2_two_ancestries_2_h2
2026-03-11 19:35:10 - INFO - viterbi processed marker 5800 for S2_two_ancestries_2_h2
2026-03-11 19:35:11 - INFO - viterbi processed marker 5900 for S2_two_ancestries_2_h2
2026-03-11 19:35:13 - INFO - viterbi processed marker 6000 for S2_two_ancestries_2_h2
2026-03-11 19:35:15 - INFO - viterbi processed marker 6100 for S2_two_ancestries_2_h2
2026-03-11 19:35:16 - INFO - viterbi processed marker 6200 for S2_two_ancestries_2_h2
2026-03-11 19:35:18 - INFO - viterbi processed marker 6300 for S2_two_ancestries_2_h2
2026-03-11 19:35:18 - INFO - haplotype 8 (S2_two_ancestries_2_h2) processed
2026-03-11 19:36:52 - INFO - forward pass complete for S3_three_ancestries_1_h1
2026-03-11 19:38:26 - INFO - backward pass complete for S3_three_ancestries_1_h1
2026-03-11 19:38:38 - INFO - global ancestry calculated for S3_three_ancestries_1_h1
2026-03-11 19:38:39 - INFO - viterbi processed marker 100 for S3_three_ancestries_1_h1
2026-03-11 19:38:41 - INFO - viterbi processed marker 200 for S3_three_ancestries_1_h1
2026-03-11 19:38:43 - INFO - viterbi processed marker 300 for S3_three_ancestries_1_h1
2026-03-11 19:38:44 - INFO - viterbi processed marker 400 for S3_three_ancestries_1_h1
2026-03-11 19:38:46 - INFO - viterbi processed marker 500 for S3_three_ancestries_1_h1
2026-03-11 19:38:47 - INFO - viterbi processed marker 600 for S3_three_ancestries_1_h1
2026-03-11 19:38:49 - INFO - viterbi processed marker 700 for S3_three_ancestries_1_h1
2026-03-11 19:38:50 - INFO - viterbi processed marker 800 for S3_three_ancestries_1_h1
2026-03-11 19:38:52 - INFO - viterbi processed marker 900 for S3_three_ancestries_1_h1
2026-03-11 19:38:54 - INFO - viterbi processed marker 1000 for S3_three_ancestries_1_h1
2026-03-11 19:38:55 - INFO - viterbi processed marker 1100 for S3_three_ancestries_1_h1
2026-03-11 19:38:57 - INFO - viterbi processed marker 1200 for S3_three_ancestries_1_h1
2026-03-11 19:38:58 - INFO - viterbi processed marker 1300 for S3_three_ancestries_1_h1
2026-03-11 19:39:00 - INFO - viterbi processed marker 1400 for S3_three_ancestries_1_h1
2026-03-11 19:39:01 - INFO - viterbi processed marker 1500 for S3_three_ancestries_1_h1
2026-03-11 19:39:03 - INFO - viterbi processed marker 1600 for S3_three_ancestries_1_h1
2026-03-11 19:39:05 - INFO - viterbi processed marker 1700 for S3_three_ancestries_1_h1
2026-03-11 19:39:06 - INFO - viterbi processed marker 1800 for S3_three_ancestries_1_h1
2026-03-11 19:39:08 - INFO - viterbi processed marker 1900 for S3_three_ancestries_1_h1
2026-03-11 19:39:09 - INFO - viterbi processed marker 2000 for S3_three_ancestries_1_h1
2026-03-11 19:39:11 - INFO - viterbi processed marker 2100 for S3_three_ancestries_1_h1
2026-03-11 19:39:13 - INFO - viterbi processed marker 2200 for S3_three_ancestries_1_h1
2026-03-11 19:39:14 - INFO - viterbi processed marker 2300 for S3_three_ancestries_1_h1
2026-03-11 19:39:16 - INFO - viterbi processed marker 2400 for S3_three_ancestries_1_h1
2026-03-11 19:39:17 - INFO - viterbi processed marker 2500 for S3_three_ancestries_1_h1
2026-03-11 19:39:19 - INFO - viterbi processed marker 2600 for S3_three_ancestries_1_h1
2026-03-11 19:39:20 - INFO - viterbi processed marker 2700 for S3_three_ancestries_1_h1
2026-03-11 19:39:22 - INFO - viterbi processed marker 2800 for S3_three_ancestries_1_h1
2026-03-11 19:39:24 - INFO - viterbi processed marker 2900 for S3_three_ancestries_1_h1
2026-03-11 19:39:25 - INFO - viterbi processed marker 3000 for S3_three_ancestries_1_h1
2026-03-11 19:39:27 - INFO - viterbi processed marker 3100 for S3_three_ancestries_1_h1
2026-03-11 19:39:28 - INFO - viterbi processed marker 3200 for S3_three_ancestries_1_h1
2026-03-11 19:39:30 - INFO - viterbi processed marker 3300 for S3_three_ancestries_1_h1
2026-03-11 19:39:31 - INFO - viterbi processed marker 3400 for S3_three_ancestries_1_h1
2026-03-11 19:39:33 - INFO - viterbi processed marker 3500 for S3_three_ancestries_1_h1
2026-03-11 19:39:35 - INFO - viterbi processed marker 3600 for S3_three_ancestries_1_h1
2026-03-11 19:39:36 - INFO - viterbi processed marker 3700 for S3_three_ancestries_1_h1
2026-03-11 19:39:38 - INFO - viterbi processed marker 3800 for S3_three_ancestries_1_h1
2026-03-11 19:39:40 - INFO - viterbi processed marker 3900 for S3_three_ancestries_1_h1
2026-03-11 19:39:41 - INFO - viterbi processed marker 4000 for S3_three_ancestries_1_h1
2026-03-11 19:39:43 - INFO - viterbi processed marker 4100 for S3_three_ancestries_1_h1
2026-03-11 19:39:44 - INFO - viterbi processed marker 4200 for S3_three_ancestries_1_h1
2026-03-11 19:39:46 - INFO - viterbi processed marker 4300 for S3_three_ancestries_1_h1
2026-03-11 19:39:47 - INFO - viterbi processed marker 4400 for S3_three_ancestries_1_h1
2026-03-11 19:39:49 - INFO - viterbi processed marker 4500 for S3_three_ancestries_1_h1
2026-03-11 19:39:50 - INFO - viterbi processed marker 4600 for S3_three_ancestries_1_h1
2026-03-11 19:39:52 - INFO - viterbi processed marker 4700 for S3_three_ancestries_1_h1
2026-03-11 19:39:54 - INFO - viterbi processed marker 4800 for S3_three_ancestries_1_h1
2026-03-11 19:39:55 - INFO - viterbi processed marker 4900 for S3_three_ancestries_1_h1
2026-03-11 19:39:57 - INFO - viterbi processed marker 5000 for S3_three_ancestries_1_h1
2026-03-11 19:39:58 - INFO - viterbi processed marker 5100 for S3_three_ancestries_1_h1
2026-03-11 19:40:00 - INFO - viterbi processed marker 5200 for S3_three_ancestries_1_h1
2026-03-11 19:40:01 - INFO - viterbi processed marker 5300 for S3_three_ancestries_1_h1
2026-03-11 19:40:03 - INFO - viterbi processed marker 5400 for S3_three_ancestries_1_h1
2026-03-11 19:40:05 - INFO - viterbi processed marker 5500 for S3_three_ancestries_1_h1
2026-03-11 19:40:06 - INFO - viterbi processed marker 5600 for S3_three_ancestries_1_h1
2026-03-11 19:40:08 - INFO - viterbi processed marker 5700 for S3_three_ancestries_1_h1
2026-03-11 19:40:09 - INFO - viterbi processed marker 5800 for S3_three_ancestries_1_h1
2026-03-11 19:40:11 - INFO - viterbi processed marker 5900 for S3_three_ancestries_1_h1
2026-03-11 19:40:13 - INFO - viterbi processed marker 6000 for S3_three_ancestries_1_h1
2026-03-11 19:40:14 - INFO - viterbi processed marker 6100 for S3_three_ancestries_1_h1
2026-03-11 19:40:16 - INFO - viterbi processed marker 6200 for S3_three_ancestries_1_h1
2026-03-11 19:40:17 - INFO - viterbi processed marker 6300 for S3_three_ancestries_1_h1
2026-03-11 19:40:18 - INFO - haplotype 9 (S3_three_ancestries_1_h1) processed
2026-03-11 19:41:53 - INFO - forward pass complete for S3_three_ancestries_1_h2
2026-03-11 19:43:26 - INFO - backward pass complete for S3_three_ancestries_1_h2
2026-03-11 19:43:38 - INFO - global ancestry calculated for S3_three_ancestries_1_h2
2026-03-11 19:43:40 - INFO - viterbi processed marker 100 for S3_three_ancestries_1_h2
2026-03-11 19:43:41 - INFO - viterbi processed marker 200 for S3_three_ancestries_1_h2
2026-03-11 19:43:43 - INFO - viterbi processed marker 300 for S3_three_ancestries_1_h2
2026-03-11 19:43:45 - INFO - viterbi processed marker 400 for S3_three_ancestries_1_h2
2026-03-11 19:43:46 - INFO - viterbi processed marker 500 for S3_three_ancestries_1_h2
2026-03-11 19:43:48 - INFO - viterbi processed marker 600 for S3_three_ancestries_1_h2
2026-03-11 19:43:49 - INFO - viterbi processed marker 700 for S3_three_ancestries_1_h2
2026-03-11 19:43:51 - INFO - viterbi processed marker 800 for S3_three_ancestries_1_h2
2026-03-11 19:43:53 - INFO - viterbi processed marker 900 for S3_three_ancestries_1_h2
2026-03-11 19:43:54 - INFO - viterbi processed marker 1000 for S3_three_ancestries_1_h2
2026-03-11 19:43:56 - INFO - viterbi processed marker 1100 for S3_three_ancestries_1_h2
2026-03-11 19:43:57 - INFO - viterbi processed marker 1200 for S3_three_ancestries_1_h2
2026-03-11 19:43:59 - INFO - viterbi processed marker 1300 for S3_three_ancestries_1_h2
2026-03-11 19:44:00 - INFO - viterbi processed marker 1400 for S3_three_ancestries_1_h2
2026-03-11 19:44:02 - INFO - viterbi processed marker 1500 for S3_three_ancestries_1_h2
2026-03-11 19:44:04 - INFO - viterbi processed marker 1600 for S3_three_ancestries_1_h2
2026-03-11 19:44:05 - INFO - viterbi processed marker 1700 for S3_three_ancestries_1_h2
2026-03-11 19:44:07 - INFO - viterbi processed marker 1800 for S3_three_ancestries_1_h2
2026-03-11 19:44:08 - INFO - viterbi processed marker 1900 for S3_three_ancestries_1_h2
2026-03-11 19:44:10 - INFO - viterbi processed marker 2000 for S3_three_ancestries_1_h2
2026-03-11 19:44:12 - INFO - viterbi processed marker 2100 for S3_three_ancestries_1_h2
2026-03-11 19:44:13 - INFO - viterbi processed marker 2200 for S3_three_ancestries_1_h2
2026-03-11 19:44:15 - INFO - viterbi processed marker 2300 for S3_three_ancestries_1_h2
2026-03-11 19:44:16 - INFO - viterbi processed marker 2400 for S3_three_ancestries_1_h2
2026-03-11 19:44:18 - INFO - viterbi processed marker 2500 for S3_three_ancestries_1_h2
2026-03-11 19:44:19 - INFO - viterbi processed marker 2600 for S3_three_ancestries_1_h2
2026-03-11 19:44:21 - INFO - viterbi processed marker 2700 for S3_three_ancestries_1_h2
2026-03-11 19:44:23 - INFO - viterbi processed marker 2800 for S3_three_ancestries_1_h2
2026-03-11 19:44:24 - INFO - viterbi processed marker 2900 for S3_three_ancestries_1_h2
2026-03-11 19:44:26 - INFO - viterbi processed marker 3000 for S3_three_ancestries_1_h2
2026-03-11 19:44:27 - INFO - viterbi processed marker 3100 for S3_three_ancestries_1_h2
2026-03-11 19:44:29 - INFO - viterbi processed marker 3200 for S3_three_ancestries_1_h2
2026-03-11 19:44:31 - INFO - viterbi processed marker 3300 for S3_three_ancestries_1_h2
2026-03-11 19:44:32 - INFO - viterbi processed marker 3400 for S3_three_ancestries_1_h2
2026-03-11 19:44:34 - INFO - viterbi processed marker 3500 for S3_three_ancestries_1_h2
2026-03-11 19:44:35 - INFO - viterbi processed marker 3600 for S3_three_ancestries_1_h2
2026-03-11 19:44:37 - INFO - viterbi processed marker 3700 for S3_three_ancestries_1_h2
2026-03-11 19:44:39 - INFO - viterbi processed marker 3800 for S3_three_ancestries_1_h2
2026-03-11 19:44:40 - INFO - viterbi processed marker 3900 for S3_three_ancestries_1_h2
2026-03-11 19:44:42 - INFO - viterbi processed marker 4000 for S3_three_ancestries_1_h2
2026-03-11 19:44:43 - INFO - viterbi processed marker 4100 for S3_three_ancestries_1_h2
2026-03-11 19:44:45 - INFO - viterbi processed marker 4200 for S3_three_ancestries_1_h2
2026-03-11 19:44:46 - INFO - viterbi processed marker 4300 for S3_three_ancestries_1_h2
2026-03-11 19:44:48 - INFO - viterbi processed marker 4400 for S3_three_ancestries_1_h2
2026-03-11 19:44:50 - INFO - viterbi processed marker 4500 for S3_three_ancestries_1_h2
2026-03-11 19:44:51 - INFO - viterbi processed marker 4600 for S3_three_ancestries_1_h2
2026-03-11 19:44:53 - INFO - viterbi processed marker 4700 for S3_three_ancestries_1_h2
2026-03-11 19:44:54 - INFO - viterbi processed marker 4800 for S3_three_ancestries_1_h2
2026-03-11 19:44:56 - INFO - viterbi processed marker 4900 for S3_three_ancestries_1_h2
2026-03-11 19:44:57 - INFO - viterbi processed marker 5000 for S3_three_ancestries_1_h2
2026-03-11 19:44:59 - INFO - viterbi processed marker 5100 for S3_three_ancestries_1_h2
2026-03-11 19:45:01 - INFO - viterbi processed marker 5200 for S3_three_ancestries_1_h2
2026-03-11 19:45:02 - INFO - viterbi processed marker 5300 for S3_three_ancestries_1_h2
2026-03-11 19:45:04 - INFO - viterbi processed marker 5400 for S3_three_ancestries_1_h2
2026-03-11 19:45:05 - INFO - viterbi processed marker 5500 for S3_three_ancestries_1_h2
2026-03-11 19:45:07 - INFO - viterbi processed marker 5600 for S3_three_ancestries_1_h2
2026-03-11 19:45:09 - INFO - viterbi processed marker 5700 for S3_three_ancestries_1_h2
2026-03-11 19:45:11 - INFO - viterbi processed marker 5800 for S3_three_ancestries_1_h2
2026-03-11 19:45:12 - INFO - viterbi processed marker 5900 for S3_three_ancestries_1_h2
2026-03-11 19:45:14 - INFO - viterbi processed marker 6000 for S3_three_ancestries_1_h2
2026-03-11 19:45:15 - INFO - viterbi processed marker 6100 for S3_three_ancestries_1_h2
2026-03-11 19:45:17 - INFO - viterbi processed marker 6200 for S3_three_ancestries_1_h2
2026-03-11 19:45:19 - INFO - viterbi processed marker 6300 for S3_three_ancestries_1_h2
2026-03-11 19:45:19 - INFO - haplotype 10 (S3_three_ancestries_1_h2) processed
2026-03-11 19:46:53 - INFO - forward pass complete for S3_three_ancestries_2_h1
2026-03-11 19:48:27 - INFO - backward pass complete for S3_three_ancestries_2_h1
2026-03-11 19:48:39 - INFO - global ancestry calculated for S3_three_ancestries_2_h1
2026-03-11 19:48:40 - INFO - viterbi processed marker 100 for S3_three_ancestries_2_h1
2026-03-11 19:48:42 - INFO - viterbi processed marker 200 for S3_three_ancestries_2_h1
2026-03-11 19:48:43 - INFO - viterbi processed marker 300 for S3_three_ancestries_2_h1
2026-03-11 19:48:45 - INFO - viterbi processed marker 400 for S3_three_ancestries_2_h1
2026-03-11 19:48:47 - INFO - viterbi processed marker 500 for S3_three_ancestries_2_h1
2026-03-11 19:48:48 - INFO - viterbi processed marker 600 for S3_three_ancestries_2_h1
2026-03-11 19:48:50 - INFO - viterbi processed marker 700 for S3_three_ancestries_2_h1
2026-03-11 19:48:51 - INFO - viterbi processed marker 800 for S3_three_ancestries_2_h1
2026-03-11 19:48:53 - INFO - viterbi processed marker 900 for S3_three_ancestries_2_h1
2026-03-11 19:48:54 - INFO - viterbi processed marker 1000 for S3_three_ancestries_2_h1
2026-03-11 19:48:56 - INFO - viterbi processed marker 1100 for S3_three_ancestries_2_h1
2026-03-11 19:48:58 - INFO - viterbi processed marker 1200 for S3_three_ancestries_2_h1
2026-03-11 19:48:59 - INFO - viterbi processed marker 1300 for S3_three_ancestries_2_h1
2026-03-11 19:49:01 - INFO - viterbi processed marker 1400 for S3_three_ancestries_2_h1
2026-03-11 19:49:02 - INFO - viterbi processed marker 1500 for S3_three_ancestries_2_h1
2026-03-11 19:49:04 - INFO - viterbi processed marker 1600 for S3_three_ancestries_2_h1
2026-03-11 19:49:05 - INFO - viterbi processed marker 1700 for S3_three_ancestries_2_h1
2026-03-11 19:49:07 - INFO - viterbi processed marker 1800 for S3_three_ancestries_2_h1
2026-03-11 19:49:09 - INFO - viterbi processed marker 1900 for S3_three_ancestries_2_h1
2026-03-11 19:49:10 - INFO - viterbi processed marker 2000 for S3_three_ancestries_2_h1
2026-03-11 19:49:12 - INFO - viterbi processed marker 2100 for S3_three_ancestries_2_h1
2026-03-11 19:49:14 - INFO - viterbi processed marker 2200 for S3_three_ancestries_2_h1
2026-03-11 19:49:15 - INFO - viterbi processed marker 2300 for S3_three_ancestries_2_h1
2026-03-11 19:49:17 - INFO - viterbi processed marker 2400 for S3_three_ancestries_2_h1
2026-03-11 19:49:18 - INFO - viterbi processed marker 2500 for S3_three_ancestries_2_h1
2026-03-11 19:49:20 - INFO - viterbi processed marker 2600 for S3_three_ancestries_2_h1
2026-03-11 19:49:22 - INFO - viterbi processed marker 2700 for S3_three_ancestries_2_h1
2026-03-11 19:49:23 - INFO - viterbi processed marker 2800 for S3_three_ancestries_2_h1
2026-03-11 19:49:25 - INFO - viterbi processed marker 2900 for S3_three_ancestries_2_h1
2026-03-11 19:49:26 - INFO - viterbi processed marker 3000 for S3_three_ancestries_2_h1
2026-03-11 19:49:28 - INFO - viterbi processed marker 3100 for S3_three_ancestries_2_h1
2026-03-11 19:49:29 - INFO - viterbi processed marker 3200 for S3_three_ancestries_2_h1
2026-03-11 19:49:31 - INFO - viterbi processed marker 3300 for S3_three_ancestries_2_h1
2026-03-11 19:49:33 - INFO - viterbi processed marker 3400 for S3_three_ancestries_2_h1
2026-03-11 19:49:34 - INFO - viterbi processed marker 3500 for S3_three_ancestries_2_h1
2026-03-11 19:49:36 - INFO - viterbi processed marker 3600 for S3_three_ancestries_2_h1
2026-03-11 19:49:38 - INFO - viterbi processed marker 3700 for S3_three_ancestries_2_h1
2026-03-11 19:49:39 - INFO - viterbi processed marker 3800 for S3_three_ancestries_2_h1
2026-03-11 19:49:41 - INFO - viterbi processed marker 3900 for S3_three_ancestries_2_h1
2026-03-11 19:49:42 - INFO - viterbi processed marker 4000 for S3_three_ancestries_2_h1
2026-03-11 19:49:44 - INFO - viterbi processed marker 4100 for S3_three_ancestries_2_h1
2026-03-11 19:49:45 - INFO - viterbi processed marker 4200 for S3_three_ancestries_2_h1
2026-03-11 19:49:47 - INFO - viterbi processed marker 4300 for S3_three_ancestries_2_h1
2026-03-11 19:49:49 - INFO - viterbi processed marker 4400 for S3_three_ancestries_2_h1
2026-03-11 19:49:50 - INFO - viterbi processed marker 4500 for S3_three_ancestries_2_h1
2026-03-11 19:49:52 - INFO - viterbi processed marker 4600 for S3_three_ancestries_2_h1
2026-03-11 19:49:53 - INFO - viterbi processed marker 4700 for S3_three_ancestries_2_h1
2026-03-11 19:49:55 - INFO - viterbi processed marker 4800 for S3_three_ancestries_2_h1
2026-03-11 19:49:57 - INFO - viterbi processed marker 4900 for S3_three_ancestries_2_h1
2026-03-11 19:49:58 - INFO - viterbi processed marker 5000 for S3_three_ancestries_2_h1
2026-03-11 19:50:00 - INFO - viterbi processed marker 5100 for S3_three_ancestries_2_h1
2026-03-11 19:50:01 - INFO - viterbi processed marker 5200 for S3_three_ancestries_2_h1
2026-03-11 19:50:03 - INFO - viterbi processed marker 5300 for S3_three_ancestries_2_h1
2026-03-11 19:50:04 - INFO - viterbi processed marker 5400 for S3_three_ancestries_2_h1
2026-03-11 19:50:06 - INFO - viterbi processed marker 5500 for S3_three_ancestries_2_h1
2026-03-11 19:50:08 - INFO - viterbi processed marker 5600 for S3_three_ancestries_2_h1
2026-03-11 19:50:09 - INFO - viterbi processed marker 5700 for S3_three_ancestries_2_h1
2026-03-11 19:50:11 - INFO - viterbi processed marker 5800 for S3_three_ancestries_2_h1
2026-03-11 19:50:12 - INFO - viterbi processed marker 5900 for S3_three_ancestries_2_h1
2026-03-11 19:50:14 - INFO - viterbi processed marker 6000 for S3_three_ancestries_2_h1
2026-03-11 19:50:16 - INFO - viterbi processed marker 6100 for S3_three_ancestries_2_h1
2026-03-11 19:50:17 - INFO - viterbi processed marker 6200 for S3_three_ancestries_2_h1
2026-03-11 19:50:19 - INFO - viterbi processed marker 6300 for S3_three_ancestries_2_h1
2026-03-11 19:50:19 - INFO - haplotype 11 (S3_three_ancestries_2_h1) processed
2026-03-11 19:51:53 - INFO - forward pass complete for S3_three_ancestries_2_h2
2026-03-11 19:53:27 - INFO - backward pass complete for S3_three_ancestries_2_h2
2026-03-11 19:53:39 - INFO - global ancestry calculated for S3_three_ancestries_2_h2
2026-03-11 19:53:41 - INFO - viterbi processed marker 100 for S3_three_ancestries_2_h2
2026-03-11 19:53:42 - INFO - viterbi processed marker 200 for S3_three_ancestries_2_h2
2026-03-11 19:53:44 - INFO - viterbi processed marker 300 for S3_three_ancestries_2_h2
2026-03-11 19:53:45 - INFO - viterbi processed marker 400 for S3_three_ancestries_2_h2
2026-03-11 19:53:47 - INFO - viterbi processed marker 500 for S3_three_ancestries_2_h2
2026-03-11 19:53:49 - INFO - viterbi processed marker 600 for S3_three_ancestries_2_h2
2026-03-11 19:53:50 - INFO - viterbi processed marker 700 for S3_three_ancestries_2_h2
2026-03-11 19:53:52 - INFO - viterbi processed marker 800 for S3_three_ancestries_2_h2
2026-03-11 19:53:53 - INFO - viterbi processed marker 900 for S3_three_ancestries_2_h2
2026-03-11 19:53:55 - INFO - viterbi processed marker 1000 for S3_three_ancestries_2_h2
2026-03-11 19:53:56 - INFO - viterbi processed marker 1100 for S3_three_ancestries_2_h2
2026-03-11 19:53:58 - INFO - viterbi processed marker 1200 for S3_three_ancestries_2_h2
2026-03-11 19:54:00 - INFO - viterbi processed marker 1300 for S3_three_ancestries_2_h2
2026-03-11 19:54:01 - INFO - viterbi processed marker 1400 for S3_three_ancestries_2_h2
2026-03-11 19:54:03 - INFO - viterbi processed marker 1500 for S3_three_ancestries_2_h2
2026-03-11 19:54:04 - INFO - viterbi processed marker 1600 for S3_three_ancestries_2_h2
2026-03-11 19:54:06 - INFO - viterbi processed marker 1700 for S3_three_ancestries_2_h2
2026-03-11 19:54:07 - INFO - viterbi processed marker 1800 for S3_three_ancestries_2_h2
2026-03-11 19:54:09 - INFO - viterbi processed marker 1900 for S3_three_ancestries_2_h2
2026-03-11 19:54:11 - INFO - viterbi processed marker 2000 for S3_three_ancestries_2_h2
2026-03-11 19:54:13 - INFO - viterbi processed marker 2100 for S3_three_ancestries_2_h2
2026-03-11 19:54:14 - INFO - viterbi processed marker 2200 for S3_three_ancestries_2_h2
2026-03-11 19:54:16 - INFO - viterbi processed marker 2300 for S3_three_ancestries_2_h2
2026-03-11 19:54:17 - INFO - viterbi processed marker 2400 for S3_three_ancestries_2_h2
2026-03-11 19:54:19 - INFO - viterbi processed marker 2500 for S3_three_ancestries_2_h2
2026-03-11 19:54:20 - INFO - viterbi processed marker 2600 for S3_three_ancestries_2_h2
2026-03-11 19:54:22 - INFO - viterbi processed marker 2700 for S3_three_ancestries_2_h2
2026-03-11 19:54:24 - INFO - viterbi processed marker 2800 for S3_three_ancestries_2_h2
2026-03-11 19:54:25 - INFO - viterbi processed marker 2900 for S3_three_ancestries_2_h2
2026-03-11 19:54:27 - INFO - viterbi processed marker 3000 for S3_three_ancestries_2_h2
2026-03-11 19:54:28 - INFO - viterbi processed marker 3100 for S3_three_ancestries_2_h2
2026-03-11 19:54:30 - INFO - viterbi processed marker 3200 for S3_three_ancestries_2_h2
2026-03-11 19:54:31 - INFO - viterbi processed marker 3300 for S3_three_ancestries_2_h2
2026-03-11 19:54:33 - INFO - viterbi processed marker 3400 for S3_three_ancestries_2_h2
2026-03-11 19:54:35 - INFO - viterbi processed marker 3500 for S3_three_ancestries_2_h2
2026-03-11 19:54:36 - INFO - viterbi processed marker 3600 for S3_three_ancestries_2_h2
2026-03-11 19:54:38 - INFO - viterbi processed marker 3700 for S3_three_ancestries_2_h2
2026-03-11 19:54:39 - INFO - viterbi processed marker 3800 for S3_three_ancestries_2_h2
2026-03-11 19:54:41 - INFO - viterbi processed marker 3900 for S3_three_ancestries_2_h2
2026-03-11 19:54:42 - INFO - viterbi processed marker 4000 for S3_three_ancestries_2_h2
2026-03-11 19:54:44 - INFO - viterbi processed marker 4100 for S3_three_ancestries_2_h2
2026-03-11 19:54:46 - INFO - viterbi processed marker 4200 for S3_three_ancestries_2_h2
2026-03-11 19:54:47 - INFO - viterbi processed marker 4300 for S3_three_ancestries_2_h2
2026-03-11 19:54:49 - INFO - viterbi processed marker 4400 for S3_three_ancestries_2_h2
2026-03-11 19:54:50 - INFO - viterbi processed marker 4500 for S3_three_ancestries_2_h2
2026-03-11 19:54:52 - INFO - viterbi processed marker 4600 for S3_three_ancestries_2_h2
2026-03-11 19:54:53 - INFO - viterbi processed marker 4700 for S3_three_ancestries_2_h2
2026-03-11 19:54:55 - INFO - viterbi processed marker 4800 for S3_three_ancestries_2_h2
2026-03-11 19:54:57 - INFO - viterbi processed marker 4900 for S3_three_ancestries_2_h2
2026-03-11 19:54:58 - INFO - viterbi processed marker 5000 for S3_three_ancestries_2_h2
2026-03-11 19:55:00 - INFO - viterbi processed marker 5100 for S3_three_ancestries_2_h2
2026-03-11 19:55:01 - INFO - viterbi processed marker 5200 for S3_three_ancestries_2_h2
2026-03-11 19:55:03 - INFO - viterbi processed marker 5300 for S3_three_ancestries_2_h2
2026-03-11 19:55:04 - INFO - viterbi processed marker 5400 for S3_three_ancestries_2_h2
2026-03-11 19:55:06 - INFO - viterbi processed marker 5500 for S3_three_ancestries_2_h2
2026-03-11 19:55:08 - INFO - viterbi processed marker 5600 for S3_three_ancestries_2_h2
2026-03-11 19:55:09 - INFO - viterbi processed marker 5700 for S3_three_ancestries_2_h2
2026-03-11 19:55:11 - INFO - viterbi processed marker 5800 for S3_three_ancestries_2_h2
2026-03-11 19:55:12 - INFO - viterbi processed marker 5900 for S3_three_ancestries_2_h2
2026-03-11 19:55:14 - INFO - viterbi processed marker 6000 for S3_three_ancestries_2_h2
2026-03-11 19:55:16 - INFO - viterbi processed marker 6100 for S3_three_ancestries_2_h2
2026-03-11 19:55:17 - INFO - viterbi processed marker 6200 for S3_three_ancestries_2_h2
2026-03-11 19:55:19 - INFO - viterbi processed marker 6300 for S3_three_ancestries_2_h2
2026-03-11 19:55:19 - INFO - haplotype 12 (S3_three_ancestries_2_h2) processed
2026-03-11 19:55:19 - INFO - all haplotypes processed
2026-03-11 19:55:20 - INFO - results saved
