Copyright (C) 2021-2025 Brian L. Browning
Enter "java -jar flare.jar" to print a list of command line arguments

Program             :  flare version 0.6.0 [616fcc9d4 03-Nov-2025]
Start Time          :  10:19 AM PDT on 09 Mar 2026
Max Memory          :  2048 MB

Parameters
  ref               :  ../small_subset_data_prep/reference_AFR_EUR_EAS.filtered.subset.chr21.vcf.gz
  ref-panel         :  ../small_subset_data_prep/ref_panel.tsv
  gt                :  ../small_subset_data_prep/admixed_AMR.filtered.subset.chr21.vcf.gz
  map               :  ../../hapMap/plink.GRCh37.map/plink.chr21.GRCh37.map
  out               :  small_subset
  array             :  false
  min-maf           :  0.005
  min-mac           :  22
  probs             :  false
  gen               :  10.0
  em                :  true
  update-p          :  false
  nthreads          :  8
  seed              :  -99999

Statistics
  reference samples :  45
  target samples    :  10
  markers           :  438

Wallclock Time      :  2 seconds
End Time            :  10:19 AM PDT on 09 Mar 2026
