Copyright (C) 2021-2025 Brian L. Browning
Enter "java -jar flare.jar" to print a list of command line arguments

Program             :  flare version 0.6.0 [616fcc9d4 03-Nov-2025]
Start Time          :  05:23 AM UTC on 12 Mar 2026
Max Memory          :  8192 MB

Parameters
  ref               :  1000G_chr21_subset.vcf.gz
  ref-panel         :  1000genomes_sampleinfo_subset.tsv
  gt                :  toy_examples_haptools/S3_three_ancestries.vcf.gz
  map               :  plink.chr21.GRCh38_renamed.map
  out               :  flare_output/S3_three_ancestries/S3_three_ancestries
  array             :  false
  min-maf           :  0.005
  min-mac           :  1
  probs             :  false
  gen               :  10.0
  em                :  true
  update-p          :  false
  nthreads          :  4
  seed              :  -99999

Statistics
  reference samples :  30
  target samples    :  2
  markers           :  6222

Wallclock Time      :  3 seconds
End Time            :  05:23 AM UTC on 12 Mar 2026
